Added Component: Designator=C1(0805_C)
Add component. Clean all parameters for all variants
Added Component: Designator=C2(SMD8x10.2)
Add component. Clean all parameters for all variants
Added Component: Designator=C3(0805_C)
Add component. Clean all parameters for all variants
Added Component: Designator=P1(HDR1X4)
Add component. Clean all parameters for all variants
Add component (AddParameter): Name = "LatestRevisionDate"; Value = "17-Jul-2002"; VariantName = "[No Variations]"
Add component (AddParameter): Name = "LatestRevisionNote"; Value = "Re-released for DXP Platform."; VariantName = "[No Variations]"
Add component (AddParameter): Name = "Publisher"; Value = "Altium Limited"; VariantName = "[No Variations]"
Added Component: Designator=P2(USB2_0)
Add component. Clean all parameters for all variants
Added Component: Designator=U1(CH340E)
Add component. Clean all parameters for all variants
Added Pin To Net: NetName=GND Pin=C1-2
Added Pin To Net: NetName=GND Pin=C2-2
Added Pin To Net: NetName=GND Pin=C3-1
Added Pin To Net: NetName=GND Pin=P1-4
Added Pin To Net: NetName=GND Pin=P2-4
Added Pin To Net: NetName=GND Pin=U1-3
Added Net: Name=GND
Added Pin To Net: NetName=NetC1_1 Pin=C1-1
Added Pin To Net: NetName=NetC1_1 Pin=U1-10
Added Net: Name=NetC1_1
Added Pin To Net: NetName=NetD1_1 Pin=U1-8
Added Net: Name=NetD1_1
Added Pin To Net: NetName=NetR1_1 Pin=U1-9
Added Net: Name=NetR1_1
Added Pin To Net: NetName=RXD Pin=P1-2
Added Net: Name=RXD
Added Pin To Net: NetName=TXD Pin=P1-3
Added Net: Name=TXD
Added Pin To Net: NetName=UD+ Pin=P2-3
Added Pin To Net: NetName=UD+ Pin=U1-1
Added Net: Name=UD+
Added Pin To Net: NetName=UD- Pin=P2-2
Added Pin To Net: NetName=UD- Pin=U1-2
Added Net: Name=UD-
Added Pin To Net: NetName=VCC_+5 Pin=C2-1
Added Pin To Net: NetName=VCC_+5 Pin=C3-2
Added Pin To Net: NetName=VCC_+5 Pin=P1-1
Added Pin To Net: NetName=VCC_+5 Pin=P2-1
Added Pin To Net: NetName=VCC_+5 Pin=U1-7
Added Net: Name=VCC_+5
Added Class: Name=ch340e
Added Room: Name=ch340e
